<?xml version="1.0" encoding="UTF-8"?>
<!-- Generated by org.testng.reporters.JUnitXMLReporter -->
<testsuite ignored="0" hostname="Hanuman" failures="0" tests="4" name="Test" time="45.231" errors="0" timestamp="2025-07-09T22:34:10 IST">
  <testcase classname="TestClasses.TCLoginToAmazon" name="login" time="7.194"/>
  <testcase classname="TestClasses.TCLoginToAmazon" name="addproducttocard" time="8.968"/>
  <testcase classname="TestClasses.TCLoginToAmazon" name="addproducttocard" time="8.143"/>
  <testcase classname="TestClasses.TCLoginToAmazon" name="addproducttocard" time="8.627"/>
</testsuite> <!-- Test -->
