<?xml version="1.0" encoding="UTF-8"?>
<testng-results ignored="0" total="4" passed="4" failed="0" skipped="0">
  <reporter-output>
    <line>
      <![CDATA[user is logged in]]>
    </line>
    <line>
      <![CDATA[Produdct added to card]]>
    </line>
    <line>
      <![CDATA[Produdct added to card]]>
    </line>
    <line>
      <![CDATA[Produdct added to card]]>
    </line>
    <line>
      <![CDATA[Product deleted successfully]]>
    </line>
    <line>
      <![CDATA[User logged out successfully]]>
    </line>
  </reporter-output>
  <suite started-at="2025-07-09T22:33:25 IST" name="TestSuite" finished-at="2025-07-09T22:34:10 IST" duration-ms="45231">
    <groups>
    </groups>
    <test started-at="2025-07-09T22:33:25 IST" name="Test" finished-at="2025-07-09T22:34:10 IST" duration-ms="45231">
      <class name="TestClasses.TCLoginToAmazon">
        <test-method is-config="true" signature="openbrowser()[pri:0, instance:TestClasses.TCLoginToAmazon@2e3967ea]" started-at="2025-07-09T22:33:25 IST" name="openbrowser" finished-at="2025-07-09T22:33:29 IST" duration-ms="3488" status="PASS">
          <reporter-output>
          </reporter-output>
        </test-method> <!-- openbrowser -->
        <test-method signature="login()[pri:0, instance:TestClasses.TCLoginToAmazon@2e3967ea]" started-at="2025-07-09T22:33:29 IST" name="login" finished-at="2025-07-09T22:33:36 IST" duration-ms="7194" status="PASS">
          <reporter-output>
            <line>
              <![CDATA[user is logged in]]>
            </line>
          </reporter-output>
        </test-method> <!-- login -->
        <test-method signature="addproducttocard()[pri:1, instance:TestClasses.TCLoginToAmazon@2e3967ea]" started-at="2025-07-09T22:33:36 IST" name="addproducttocard" finished-at="2025-07-09T22:33:45 IST" duration-ms="8968" status="PASS">
          <reporter-output>
            <line>
              <![CDATA[Produdct added to card]]>
            </line>
          </reporter-output>
        </test-method> <!-- addproducttocard -->
        <test-method signature="addproducttocard()[pri:1, instance:TestClasses.TCLoginToAmazon@2e3967ea]" started-at="2025-07-09T22:33:45 IST" name="addproducttocard" finished-at="2025-07-09T22:33:53 IST" duration-ms="8143" status="PASS">
          <reporter-output>
            <line>
              <![CDATA[Produdct added to card]]>
            </line>
          </reporter-output>
        </test-method> <!-- addproducttocard -->
        <test-method signature="addproducttocard()[pri:1, instance:TestClasses.TCLoginToAmazon@2e3967ea]" started-at="2025-07-09T22:33:54 IST" name="addproducttocard" finished-at="2025-07-09T22:34:02 IST" duration-ms="8627" status="PASS">
          <reporter-output>
            <line>
              <![CDATA[Produdct added to card]]>
            </line>
          </reporter-output>
        </test-method> <!-- addproducttocard -->
        <test-method is-config="true" signature="logout()[pri:0, instance:TestClasses.TCLoginToAmazon@2e3967ea]" started-at="2025-07-09T22:34:02 IST" name="logout" finished-at="2025-07-09T22:34:10 IST" duration-ms="7808" status="PASS">
          <reporter-output>
            <line>
              <![CDATA[Product deleted successfully]]>
            </line>
            <line>
              <![CDATA[User logged out successfully]]>
            </line>
          </reporter-output>
        </test-method> <!-- logout -->
      </class> <!-- TestClasses.TCLoginToAmazon -->
    </test> <!-- Test -->
  </suite> <!-- TestSuite -->
</testng-results>
