<?xml version="1.0" encoding="UTF-8"?>
<!-- Generated by org.testng.reporters.JUnitXMLReporter -->
<testsuite ignored="0" hostname="Hanuman" failures="0" tests="5" name="Default test" time="126.921" errors="0" timestamp="2025-07-12T22:07:46 IST">
  <testcase classname="TestClasses.TCLoginToAmazon" name="verifylogin" time="40.469"/>
  <testcase classname="TestClasses.TCLoginToAmazon" name="verifyaddproducttocard" time="29.743"/>
  <testcase classname="TestClasses.TCLoginToAmazon" name="verifyAddAddress" time="17.836"/>
  <testcase classname="TestClasses.TCLoginToAmazon" name="verifyDeleteAddress" time="10.76"/>
  <testcase classname="TestClasses.TCLoginToAmazon" name="verifyRemoveProduct" time="21.708"/>
</testsuite> <!-- Default test -->
